<?xml version="1.0" encoding="UTF-8"?>
<testng-results total="1" passed="1" failed="0" skipped="0">
  <reporter-output>
  </reporter-output>
  <suite started-at="2023-06-04T09:45:12Z" name="Default suite" finished-at="2023-06-04T09:45:30Z" duration-ms="17819">
    <groups>
    </groups>
    <test started-at="2023-06-04T09:45:12Z" name="Default test" finished-at="2023-06-04T09:45:30Z" duration-ms="17819">
      <class name="TestCases.VerifyAddToCart">
        <test-method is-config="true" signature="launchbrowser()[pri:0, instance:TestCases.VerifyAddToCart@5c80cf32]" started-at="2023-06-04T15:15:12Z" name="launchbrowser" finished-at="2023-06-04T15:15:25Z" duration-ms="12789" status="PASS">
          <reporter-output>
          </reporter-output>
        </test-method> <!-- launchbrowser -->
        <test-method signature="addcart1()[pri:0, instance:TestCases.VerifyAddToCart@5c80cf32]" started-at="2023-06-04T15:15:25Z" name="addcart1" finished-at="2023-06-04T15:15:30Z" duration-ms="4703" status="PASS">
          <reporter-output>
          </reporter-output>
        </test-method> <!-- addcart1 -->
        <test-method is-config="true" signature="quit()[pri:0, instance:TestCases.VerifyAddToCart@5c80cf32]" started-at="2023-06-04T15:15:30Z" name="quit" finished-at="2023-06-04T15:15:30Z" duration-ms="316" status="PASS">
          <reporter-output>
          </reporter-output>
        </test-method> <!-- quit -->
      </class> <!-- TestCases.VerifyAddToCart -->
    </test> <!-- Default test -->
  </suite> <!-- Default suite -->
</testng-results>
